<?xml version="1.0" encoding="UTF-8"?>
<!-- Generated by org.testng.reporters.JUnitReportReporter -->
<testsuite hostname="BLR1-LHP-N71826" failures="0" tests="1" name="A.a1" time="0.014" errors="0" timestamp="2022-07-15T13:34:59 IST" skipped="0">
  <testcase classname="A.a1" name="sub" time="0.014"/>
  <system-out/>
</testsuite> <!-- A.a1 -->
