<?xml version="1.0" encoding="UTF-8"?>
<!-- Generated by org.testng.reporters.JUnitReportReporter -->
<testsuite hostname="BLR1-LHP-N71826" failures="0" tests="1" name="paramPackage.Division" time="0.002" errors="0" timestamp="2022-07-15T13:44:07 IST" skipped="0">
  <testcase classname="paramPackage.Division" name="Div" time="0.002"/>
  <system-out/>
</testsuite> <!-- paramPackage.Division -->
