<?xml version="1.0" encoding="UTF-8"?>
<!-- Generated by org.testng.reporters.JUnitReportReporter -->
<testsuite hostname="BLR1-LHP-N71826" failures="0" tests="4" name="dataprovider.AddDP" time="0.012" errors="0" timestamp="2022-07-15T15:29:15 IST" skipped="0">
  <testcase classname="dataprovider.AddDP" name="subtr" time="0.001"/>
  <system-out/>
  <testcase classname="dataprovider.AddDP" name="searchText" time="0.007"/>
  <system-out/>
  <testcase classname="dataprovider.AddDP" name="searchText" time="0.002"/>
  <system-out/>
  <testcase classname="dataprovider.AddDP" name="subtr" time="0.002"/>
  <system-out/>
</testsuite> <!-- dataprovider.AddDP -->
