<?xml version="1.0" encoding="UTF-8"?>
<!-- Generated by org.testng.reporters.JUnitReportReporter -->
<testsuite hostname="BLR1-LHP-N71826" failures="0" tests="2" name="A.a3" time="0.004" errors="0" timestamp="2022-07-15T13:34:59 IST" skipped="0">
  <testcase classname="A.a3" name="fruit2" time="0.002"/>
  <system-out/>
  <testcase classname="A.a3" name="fruit1" time="0.002"/>
  <system-out/>
</testsuite> <!-- A.a3 -->
