<?xml version="1.0" encoding="UTF-8"?>
<!-- Generated by org.testng.reporters.JUnitReportReporter -->
<testsuite hostname="BLR1-LHP-N71826" failures="0" tests="2" name="fruitsNvegetables.Fruits" time="0.004" errors="0" timestamp="2022-07-15T13:44:07 IST" skipped="0">
  <testcase classname="fruitsNvegetables.Fruits" name="fruit1" time="0.002"/>
  <system-out/>
  <testcase classname="fruitsNvegetables.Fruits" name="fruit2" time="0.002"/>
  <system-out/>
</testsuite> <!-- fruitsNvegetables.Fruits -->
